<?xml version="1.0" encoding="UTF-8"?>
<!-- Generated by org.testng.reporters.JUnitXMLReporter -->
<testsuite ignored="0" hostname="LAPTOP-OANF0OII" failures="1" tests="1" name="Login" time="0.684" errors="0" timestamp="2024-04-23T13:57:00 GMT-05:00">
  <testcase classname="io.cucumber.testng.AbstractTestNGCucumberTests" name="runScenario" time="0.179">
    <failure type="java.lang.NullPointerException" message="Cannot invoke &amp;quot;org.openqa.selenium.WebDriver.get(String)&amp;quot; because &amp;quot;this.driver&amp;quot; is null">
      <![CDATA[java.lang.NullPointerException: Cannot invoke "org.openqa.selenium.WebDriver.get(String)" because "this.driver" is null
at Base.Base1.IntializeBrowser(Base1.java:70)
at StepDefinitions.Login.open_any_browser(Login.java:26)
at ✽.Open any Browser(file:///C:/Users/VIJAYA%20LAKSHMI/eclipse-workspace/FrameWork/src/test/java/features/Login.feature:4)
]]>
    </failure>
  </testcase> <!-- runScenario -->
</testsuite> <!-- Login -->
