<?xml version="1.0" encoding="UTF-8"?>
<!-- Generated by org.testng.reporters.JUnitXMLReporter -->
<testsuite ignored="0" hostname="LAPTOP-OANF0OII" failures="0" tests="3" name="Test" time="82.331" errors="0" timestamp="2024-04-19T10:38:11 GMT-05:00">
  <testcase classname="Testcases.AddProductTest" name="addproducts" time="27.454"/>
  <testcase classname="Testcases.LoginTest" name="Login" time="11.538"/>
  <testcase classname="Testcases.ProductTest" name="AddProduct" time="23.423"/>
</testsuite> <!-- Test -->
