<?xml version="1.0" encoding="UTF-8"?>
<testng-results ignored="0" total="1" passed="1" failed="0" skipped="0">
  <reporter-output>
  </reporter-output>
  <suite started-at="2024-04-23T14:28:07 GMT-05:00" name="Default suite" finished-at="2024-04-23T14:28:29 GMT-05:00" duration-ms="22404">
    <groups>
    </groups>
    <test started-at="2024-04-23T14:28:07 GMT-05:00" name="Default test" finished-at="2024-04-23T14:28:29 GMT-05:00" duration-ms="22404">
      <class name="Testcases.AddProductTest">
        <test-method is-config="true" signature="setup()[pri:0, instance:Testcases.AddProductTest@3f191845]" started-at="2024-04-23T14:28:07 GMT-05:00" name="setup" finished-at="2024-04-23T14:28:11 GMT-05:00" duration-ms="3883" status="PASS">
          <reporter-output>
          </reporter-output>
        </test-method> <!-- setup -->
        <test-method signature="addproducts()[pri:0, instance:Testcases.AddProductTest@3f191845]" started-at="2024-04-23T14:28:11 GMT-05:00" name="addproducts" finished-at="2024-04-23T14:28:29 GMT-05:00" duration-ms="18223" status="PASS">
          <reporter-output>
          </reporter-output>
        </test-method> <!-- addproducts -->
        <test-method is-config="true" signature="teardown()[pri:0, instance:Testcases.AddProductTest@3f191845]" started-at="2024-04-23T14:28:29 GMT-05:00" name="teardown" finished-at="2024-04-23T14:28:29 GMT-05:00" duration-ms="209" status="PASS">
          <reporter-output>
          </reporter-output>
        </test-method> <!-- teardown -->
      </class> <!-- Testcases.AddProductTest -->
    </test> <!-- Default test -->
  </suite> <!-- Default suite -->
</testng-results>
